2022/11/11-15:55:47|INFO|main|3741|com.alibaba.nacos.client.config.impl.LocalConfigInfoProcessor|212|LOCAL_SNAPSHOT_PATH:C:\Users\kevin.lee\nacos\config
2022/11/11-15:55:47|INFO|main|3778|com.alibaba.nacos.client.config.impl.Limiter|54|limitTime:5.0
2022/11/11-15:55:47|WARN|main|4104|com.alibaba.cloud.nacos.client.NacosPropertySourceBuilder|87|Ignore the empty nacos configuration and get it based on dataId[im-service-biz.yaml] & group[DEFAULT_GROUP]
2022/11/11-15:55:47|INFO|main|4188|com.alibaba.nacos.client.config.utils.JvmUtil|49|isMultiInstance:false
2022/11/11-15:55:47|WARN|main|4277|com.alibaba.cloud.nacos.client.NacosPropertySourceBuilder|87|Ignore the empty nacos configuration and get it based on dataId[im-service-biz] & group[DEFAULT_GROUP]
2022/11/11-15:55:48|WARN|main|4358|com.alibaba.cloud.nacos.client.NacosPropertySourceBuilder|87|Ignore the empty nacos configuration and get it based on dataId[im-service-biz.yaml] & group[DEFAULT_GROUP]
2022/11/11-15:55:48|INFO|main|4443|org.springframework.cloud.bootstrap.config.PropertySourceBootstrapConfiguration|112|Located property source: [BootstrapPropertySource {name='bootstrapProperties-im-service-biz-local.yaml,DEFAULT_GROUP'}, BootstrapPropertySource {name='bootstrapProperties-im-service-biz.yaml,DEFAULT_GROUP'}, BootstrapPropertySource {name='bootstrapProperties-im-service-biz,DEFAULT_GROUP'}]
2022/11/11-15:55:48|INFO|main|4447|net.chenlin.dp.ImBizApplication|655|The following profiles are active: local
2022/11/11-15:55:49|INFO|main|5497|org.springframework.data.repository.config.RepositoryConfigurationDelegate|249|Multiple Spring Data modules found, entering strict repository configuration mode!
2022/11/11-15:55:49|INFO|main|5499|org.springframework.data.repository.config.RepositoryConfigurationDelegate|127|Bootstrapping Spring Data Redis repositories in DEFAULT mode.
2022/11/11-15:55:49|INFO|main|5572|org.springframework.data.repository.config.RepositoryConfigurationDelegate|187|Finished Spring Data repository scanning in 60ms. Found 0 Redis repository interfaces.
2022/11/11-15:55:49|INFO|main|5839|org.springframework.cloud.context.scope.GenericScope|295|BeanFactory id=dfa77fdf-26ff-3935-9ed3-d3e03691ff3c
2022/11/11-15:55:50|INFO|main|6754|org.springframework.boot.web.embedded.tomcat.TomcatWebServer|91|Tomcat initialized with port(s): 9001 (http)
2022/11/11-15:55:50|INFO|main|6768|org.apache.catalina.core.StandardService|173|Starting service [Tomcat]
2022/11/11-15:55:50|INFO|main|6769|org.apache.catalina.core.StandardEngine|173|Starting Servlet engine: [Apache Tomcat/9.0.37]
2022/11/11-15:55:50|INFO|main|7268|org.apache.catalina.core.ContainerBase.[Tomcat].[localhost].[/admin]|173|Initializing Spring embedded WebApplicationContext
2022/11/11-15:55:50|INFO|main|7269|org.springframework.boot.web.servlet.context.ServletWebServerApplicationContext|283|Root WebApplicationContext: initialization completed in 2810 ms
2022/11/11-15:55:56|INFO|main|13322|springfox.documentation.spring.web.PropertySourcedRequestMappingHandlerMapping|69|Mapped URL path [/v2/api-docs] onto method [springfox.documentation.swagger2.web.Swagger2Controller#getDocumentation(String, HttpServletRequest)]
2022/11/11-15:55:57|WARN|main|13365|com.netflix.config.sources.URLConfigurationSource|121|No URLs will be polled as dynamic configuration sources.
2022/11/11-15:55:57|INFO|main|13366|com.netflix.config.sources.URLConfigurationSource|122|To enable URLs as dynamic configuration sources, define System property archaius.configurationSource.additionalUrls or make config.properties available on classpath.
2022/11/11-15:55:57|WARN|main|13371|com.netflix.config.sources.URLConfigurationSource|121|No URLs will be polled as dynamic configuration sources.
2022/11/11-15:55:57|INFO|main|13371|com.netflix.config.sources.URLConfigurationSource|122|To enable URLs as dynamic configuration sources, define System property archaius.configurationSource.additionalUrls or make config.properties available on classpath.
2022/11/11-15:55:57|INFO|main|13983|org.springframework.scheduling.concurrent.ThreadPoolTaskExecutor|181|Initializing ExecutorService 'applicationTaskExecutor'
2022/11/11-15:55:58|INFO|main|14905|org.springframework.scheduling.concurrent.ThreadPoolTaskScheduler|181|Initializing ExecutorService 'Nacos-Watch-Task-Scheduler'
2022/11/11-15:56:00|INFO|main|16367|tk.mybatis.mapper.autoconfigure.MapperCacheDisabler|60|Clear tk.mybatis.mapper.util.MsUtil CLASS_CACHE cache.
2022/11/11-15:56:00|INFO|main|16368|tk.mybatis.mapper.autoconfigure.MapperCacheDisabler|60|Clear tk.mybatis.mapper.genid.GenIdUtil CACHE cache.
2022/11/11-15:56:00|INFO|main|16369|tk.mybatis.mapper.autoconfigure.MapperCacheDisabler|60|Clear tk.mybatis.mapper.version.VersionUtil CACHE cache.
2022/11/11-15:56:00|INFO|main|16370|tk.mybatis.mapper.autoconfigure.MapperCacheDisabler|83|Clear EntityHelper entityTableMap cache.
2022/11/11-15:56:00|INFO|main|16482|com.alibaba.nacos.client.naming|65|initializer namespace from System Property :null
2022/11/11-15:56:00|INFO|main|16483|com.alibaba.nacos.client.naming|74|initializer namespace from System Environment :null
2022/11/11-15:56:00|INFO|main|16483|com.alibaba.nacos.client.naming|84|initializer namespace from System Property :null
2022/11/11-15:56:00|INFO|main|16946|springfox.documentation.spring.web.plugins.DocumentationPluginsBootstrapper|160|Context refreshed
2022/11/11-15:56:00|INFO|main|16968|springfox.documentation.spring.web.plugins.DocumentationPluginsBootstrapper|163|Found 1 custom documentation plugin(s)
2022/11/11-15:56:00|INFO|main|17000|springfox.documentation.spring.web.scanners.ApiListingReferenceScanner|41|Scanning for api listing references
2022/11/11-15:56:00|INFO|main|17135|springfox.documentation.spring.web.readers.operation.CachingOperationNameGenerator|40|Generating unique operation named: listUsingPOST_1
2022/11/11-15:56:00|INFO|main|17137|springfox.documentation.spring.web.readers.operation.CachingOperationNameGenerator|40|Generating unique operation named: saveUsingPOST_1
2022/11/11-15:56:00|INFO|main|17139|springfox.documentation.spring.web.readers.operation.CachingOperationNameGenerator|40|Generating unique operation named: updateUsingPOST_1
2022/11/11-15:56:00|INFO|main|17141|springfox.documentation.spring.web.readers.operation.CachingOperationNameGenerator|40|Generating unique operation named: batchRemoveUsingPOST_1
2022/11/11-15:56:00|INFO|main|17151|springfox.documentation.spring.web.readers.operation.CachingOperationNameGenerator|40|Generating unique operation named: listUsingPOST_2
2022/11/11-15:56:00|INFO|main|17156|springfox.documentation.spring.web.readers.operation.CachingOperationNameGenerator|40|Generating unique operation named: updateUsingPOST_2
2022/11/11-15:56:00|INFO|main|17160|springfox.documentation.spring.web.readers.operation.CachingOperationNameGenerator|40|Generating unique operation named: batchRemoveUsingPOST_2
2022/11/11-15:56:00|INFO|main|17164|springfox.documentation.spring.web.readers.operation.CachingOperationNameGenerator|40|Generating unique operation named: getByIdUsingGET_1
2022/11/11-15:56:00|INFO|main|17168|springfox.documentation.spring.web.readers.operation.CachingOperationNameGenerator|40|Generating unique operation named: listUsingPOST_3
2022/11/11-15:56:00|INFO|main|17171|springfox.documentation.spring.web.readers.operation.CachingOperationNameGenerator|40|Generating unique operation named: saveUsingGET_1
2022/11/11-15:56:00|INFO|main|17172|springfox.documentation.spring.web.readers.operation.CachingOperationNameGenerator|40|Generating unique operation named: updateUsingPOST_3
2022/11/11-15:56:00|INFO|main|17175|springfox.documentation.spring.web.readers.operation.CachingOperationNameGenerator|40|Generating unique operation named: batchRemoveUsingPOST_3
2022/11/11-15:56:00|INFO|main|17179|springfox.documentation.spring.web.readers.operation.CachingOperationNameGenerator|40|Generating unique operation named: getByIdUsingGET_2
2022/11/11-15:56:00|INFO|main|17183|springfox.documentation.spring.web.readers.operation.CachingOperationNameGenerator|40|Generating unique operation named: listUsingPOST_4
2022/11/11-15:56:00|INFO|main|17185|springfox.documentation.spring.web.readers.operation.CachingOperationNameGenerator|40|Generating unique operation named: saveUsingGET_2
2022/11/11-15:56:00|INFO|main|17186|springfox.documentation.spring.web.readers.operation.CachingOperationNameGenerator|40|Generating unique operation named: updateUsingPOST_4
2022/11/11-15:56:00|INFO|main|17188|springfox.documentation.spring.web.readers.operation.CachingOperationNameGenerator|40|Generating unique operation named: batchRemoveUsingPOST_4
2022/11/11-15:56:00|INFO|main|17192|springfox.documentation.spring.web.readers.operation.CachingOperationNameGenerator|40|Generating unique operation named: getByIdUsingGET_3
2022/11/11-15:56:00|INFO|main|17196|springfox.documentation.spring.web.readers.operation.CachingOperationNameGenerator|40|Generating unique operation named: listUsingPOST_5
2022/11/11-15:56:00|INFO|main|17198|springfox.documentation.spring.web.readers.operation.CachingOperationNameGenerator|40|Generating unique operation named: saveUsingGET_3
2022/11/11-15:56:00|INFO|main|17199|springfox.documentation.spring.web.readers.operation.CachingOperationNameGenerator|40|Generating unique operation named: updateUsingPOST_5
2022/11/11-15:56:00|INFO|main|17201|springfox.documentation.spring.web.readers.operation.CachingOperationNameGenerator|40|Generating unique operation named: batchRemoveUsingPOST_5
2022/11/11-15:56:00|INFO|main|17209|springfox.documentation.spring.web.readers.operation.CachingOperationNameGenerator|40|Generating unique operation named: getByIdUsingGET_4
2022/11/11-15:56:00|INFO|main|17212|springfox.documentation.spring.web.readers.operation.CachingOperationNameGenerator|40|Generating unique operation named: listUsingPOST_6
2022/11/11-15:56:00|INFO|main|17214|springfox.documentation.spring.web.readers.operation.CachingOperationNameGenerator|40|Generating unique operation named: saveUsingPOST_2
2022/11/11-15:56:00|INFO|main|17215|springfox.documentation.spring.web.readers.operation.CachingOperationNameGenerator|40|Generating unique operation named: updateUsingPOST_6
2022/11/11-15:56:00|INFO|main|17217|springfox.documentation.spring.web.readers.operation.CachingOperationNameGenerator|40|Generating unique operation named: batchRemoveUsingPOST_6
2022/11/11-15:56:00|INFO|main|17223|springfox.documentation.spring.web.readers.operation.CachingOperationNameGenerator|40|Generating unique operation named: getByIdUsingGET_5
2022/11/11-15:56:00|INFO|main|17227|springfox.documentation.spring.web.readers.operation.CachingOperationNameGenerator|40|Generating unique operation named: listUsingPOST_7
2022/11/11-15:56:00|INFO|main|17231|springfox.documentation.spring.web.readers.operation.CachingOperationNameGenerator|40|Generating unique operation named: saveUsingPOST_3
2022/11/11-15:56:00|INFO|main|17233|springfox.documentation.spring.web.readers.operation.CachingOperationNameGenerator|40|Generating unique operation named: updateUsingPOST_7
2022/11/11-15:56:00|INFO|main|17237|springfox.documentation.spring.web.readers.operation.CachingOperationNameGenerator|40|Generating unique operation named: batchRemoveUsingPOST_7
2022/11/11-15:56:00|INFO|main|17240|springfox.documentation.spring.web.readers.operation.CachingOperationNameGenerator|40|Generating unique operation named: getByIdUsingGET_6
2022/11/11-15:56:00|INFO|main|17249|springfox.documentation.spring.web.readers.operation.CachingOperationNameGenerator|40|Generating unique operation named: listUsingPOST_8
2022/11/11-15:56:00|INFO|main|17251|springfox.documentation.spring.web.readers.operation.CachingOperationNameGenerator|40|Generating unique operation named: saveUsingPOST_4
2022/11/11-15:56:00|INFO|main|17252|springfox.documentation.spring.web.readers.operation.CachingOperationNameGenerator|40|Generating unique operation named: updateUsingPOST_8
2022/11/11-15:56:00|INFO|main|17257|springfox.documentation.spring.web.readers.operation.CachingOperationNameGenerator|40|Generating unique operation named: getByIdUsingPOST_1
2022/11/11-15:56:00|INFO|main|17261|springfox.documentation.spring.web.readers.operation.CachingOperationNameGenerator|40|Generating unique operation named: listUsingPOST_9
2022/11/11-15:56:00|INFO|main|17264|springfox.documentation.spring.web.readers.operation.CachingOperationNameGenerator|40|Generating unique operation named: saveUsingPOST_5
2022/11/11-15:56:00|INFO|main|17265|springfox.documentation.spring.web.readers.operation.CachingOperationNameGenerator|40|Generating unique operation named: updateUsingPOST_9
2022/11/11-15:56:00|INFO|main|17272|springfox.documentation.spring.web.readers.operation.CachingOperationNameGenerator|40|Generating unique operation named: batchRemoveUsingPOST_8
2022/11/11-15:56:00|INFO|main|17276|springfox.documentation.spring.web.readers.operation.CachingOperationNameGenerator|40|Generating unique operation named: getByIdUsingPOST_2
2022/11/11-15:56:00|INFO|main|17279|springfox.documentation.spring.web.readers.operation.CachingOperationNameGenerator|40|Generating unique operation named: listUsingPOST_10
2022/11/11-15:56:00|INFO|main|17281|springfox.documentation.spring.web.readers.operation.CachingOperationNameGenerator|40|Generating unique operation named: saveUsingPOST_6
2022/11/11-15:56:00|INFO|main|17282|springfox.documentation.spring.web.readers.operation.CachingOperationNameGenerator|40|Generating unique operation named: updateUsingPOST_10
2022/11/11-15:56:00|INFO|main|17285|springfox.documentation.spring.web.readers.operation.CachingOperationNameGenerator|40|Generating unique operation named: batchRemoveUsingPOST_9
2022/11/11-15:56:00|INFO|main|17294|springfox.documentation.spring.web.readers.operation.CachingOperationNameGenerator|40|Generating unique operation named: getByIdUsingGET_7
2022/11/11-15:56:00|INFO|main|17297|springfox.documentation.spring.web.readers.operation.CachingOperationNameGenerator|40|Generating unique operation named: listUsingPOST_11
2022/11/11-15:56:00|INFO|main|17299|springfox.documentation.spring.web.readers.operation.CachingOperationNameGenerator|40|Generating unique operation named: saveUsingPOST_7
2022/11/11-15:56:00|INFO|main|17300|springfox.documentation.spring.web.readers.operation.CachingOperationNameGenerator|40|Generating unique operation named: updateUsingPOST_11
2022/11/11-15:56:00|INFO|main|17303|springfox.documentation.spring.web.readers.operation.CachingOperationNameGenerator|40|Generating unique operation named: batchRemoveUsingPOST_10
2022/11/11-15:56:00|INFO|main|17307|springfox.documentation.spring.web.readers.operation.CachingOperationNameGenerator|40|Generating unique operation named: listUsingPOST_12
2022/11/11-15:56:00|INFO|main|17309|springfox.documentation.spring.web.readers.operation.CachingOperationNameGenerator|40|Generating unique operation named: batchRemoveUsingPOST_11
2022/11/11-15:56:00|INFO|main|17314|springfox.documentation.spring.web.readers.operation.CachingOperationNameGenerator|40|Generating unique operation named: getByIdUsingGET_8
2022/11/11-15:56:00|INFO|main|17316|springfox.documentation.spring.web.readers.operation.CachingOperationNameGenerator|40|Generating unique operation named: listUsingPOST_13
2022/11/11-15:56:00|INFO|main|17320|springfox.documentation.spring.web.readers.operation.CachingOperationNameGenerator|40|Generating unique operation named: saveUsingPOST_8
2022/11/11-15:56:00|INFO|main|17321|springfox.documentation.spring.web.readers.operation.CachingOperationNameGenerator|40|Generating unique operation named: batchRemoveUsingPOST_12
2022/11/11-15:56:00|INFO|main|17322|springfox.documentation.spring.web.readers.operation.CachingOperationNameGenerator|40|Generating unique operation named: getByIdUsingGET_9
2022/11/11-15:56:00|INFO|main|17330|springfox.documentation.spring.web.readers.operation.CachingOperationNameGenerator|40|Generating unique operation named: listUsingPOST_14
2022/11/11-15:56:01|INFO|main|17338|springfox.documentation.spring.web.readers.operation.CachingOperationNameGenerator|40|Generating unique operation named: saveUsingPOST_9
2022/11/11-15:56:01|INFO|main|17339|springfox.documentation.spring.web.readers.operation.CachingOperationNameGenerator|40|Generating unique operation named: updateUsingPOST_12
2022/11/11-15:56:01|INFO|main|17343|springfox.documentation.spring.web.readers.operation.CachingOperationNameGenerator|40|Generating unique operation named: batchRemoveUsingPOST_13
2022/11/11-15:56:01|INFO|main|17345|springfox.documentation.spring.web.readers.operation.CachingOperationNameGenerator|40|Generating unique operation named: listUsingPOST_15
2022/11/11-15:56:01|INFO|main|17346|springfox.documentation.spring.web.readers.operation.CachingOperationNameGenerator|40|Generating unique operation named: saveUsingPOST_10
2022/11/11-15:56:01|INFO|main|17348|springfox.documentation.spring.web.readers.operation.CachingOperationNameGenerator|40|Generating unique operation named: updateUsingPOST_13
2022/11/11-15:56:01|INFO|main|17350|springfox.documentation.spring.web.readers.operation.CachingOperationNameGenerator|40|Generating unique operation named: batchRemoveUsingPOST_14
2022/11/11-15:56:01|INFO|main|17353|springfox.documentation.spring.web.readers.operation.CachingOperationNameGenerator|40|Generating unique operation named: getByIdUsingPOST_3
2022/11/11-15:56:01|INFO|main|17355|springfox.documentation.spring.web.readers.operation.CachingOperationNameGenerator|40|Generating unique operation named: listUsingPOST_16
2022/11/11-15:56:01|INFO|main|17357|springfox.documentation.spring.web.readers.operation.CachingOperationNameGenerator|40|Generating unique operation named: saveUsingPOST_11
2022/11/11-15:56:01|INFO|main|17358|springfox.documentation.spring.web.readers.operation.CachingOperationNameGenerator|40|Generating unique operation named: updateUsingPOST_14
2022/11/11-15:56:01|INFO|main|17360|springfox.documentation.spring.web.readers.operation.CachingOperationNameGenerator|40|Generating unique operation named: infoUsingGET_1
2022/11/11-15:56:01|INFO|main|17361|springfox.documentation.spring.web.readers.operation.CachingOperationNameGenerator|40|Generating unique operation named: removeUsingPOST_1
2022/11/11-15:56:01|INFO|main|17366|springfox.documentation.spring.web.readers.operation.CachingOperationNameGenerator|40|Generating unique operation named: saveUsingPOST_12
2022/11/11-15:56:01|INFO|main|17371|springfox.documentation.spring.web.readers.operation.CachingOperationNameGenerator|40|Generating unique operation named: updateUsingPOST_15
2022/11/11-15:56:01|INFO|main|17378|springfox.documentation.spring.web.readers.operation.CachingOperationNameGenerator|40|Generating unique operation named: batchRemoveUsingPOST_15
2022/11/11-15:56:01|INFO|main|17384|springfox.documentation.spring.web.readers.operation.CachingOperationNameGenerator|40|Generating unique operation named: listLogUsingPOST_1
2022/11/11-15:56:01|INFO|main|17395|springfox.documentation.spring.web.readers.operation.CachingOperationNameGenerator|40|Generating unique operation named: batchRemoveUsingPOST_16
2022/11/11-15:56:01|INFO|main|17398|springfox.documentation.spring.web.readers.operation.CachingOperationNameGenerator|40|Generating unique operation named: infoUsingGET_2
2022/11/11-15:56:01|INFO|main|17402|springfox.documentation.spring.web.readers.operation.CachingOperationNameGenerator|40|Generating unique operation named: listUsingGET_1
2022/11/11-15:56:01|INFO|main|17403|springfox.documentation.spring.web.readers.operation.CachingOperationNameGenerator|40|Generating unique operation named: listUsingPOST_17
2022/11/11-15:56:01|INFO|main|17409|springfox.documentation.spring.web.readers.operation.CachingOperationNameGenerator|40|Generating unique operation named: saveUsingGET_4
2022/11/11-15:56:01|INFO|main|17410|springfox.documentation.spring.web.readers.operation.CachingOperationNameGenerator|40|Generating unique operation named: saveUsingPOST_13
2022/11/11-15:56:01|INFO|main|17412|springfox.documentation.spring.web.readers.operation.CachingOperationNameGenerator|40|Generating unique operation named: selectUsingGET_1
2022/11/11-15:56:01|INFO|main|17415|springfox.documentation.spring.web.readers.operation.CachingOperationNameGenerator|40|Generating unique operation named: updateUsingPOST_16
2022/11/11-15:56:01|INFO|main|17425|springfox.documentation.spring.web.readers.operation.CachingOperationNameGenerator|40|Generating unique operation named: infoUsingGET_3
2022/11/11-15:56:01|INFO|main|17427|springfox.documentation.spring.web.readers.operation.CachingOperationNameGenerator|40|Generating unique operation named: removeUsingPOST_2
2022/11/11-15:56:01|INFO|main|17430|springfox.documentation.spring.web.readers.operation.CachingOperationNameGenerator|40|Generating unique operation named: saveUsingPOST_14
2022/11/11-15:56:01|INFO|main|17431|springfox.documentation.spring.web.readers.operation.CachingOperationNameGenerator|40|Generating unique operation named: selectUsingGET_2
2022/11/11-15:56:01|INFO|main|17433|springfox.documentation.spring.web.readers.operation.CachingOperationNameGenerator|40|Generating unique operation named: updateUsingPOST_17
2022/11/11-15:56:01|INFO|main|17435|springfox.documentation.spring.web.readers.operation.CachingOperationNameGenerator|40|Generating unique operation named: batchRemoveUsingGET_1
2022/11/11-15:56:01|INFO|main|17435|springfox.documentation.spring.web.readers.operation.CachingOperationNameGenerator|40|Generating unique operation named: batchRemoveUsingHEAD_1
2022/11/11-15:56:01|INFO|main|17436|springfox.documentation.spring.web.readers.operation.CachingOperationNameGenerator|40|Generating unique operation named: batchRemoveUsingPOST_17
2022/11/11-15:56:01|INFO|main|17436|springfox.documentation.spring.web.readers.operation.CachingOperationNameGenerator|40|Generating unique operation named: batchRemoveUsingPUT_1
2022/11/11-15:56:01|INFO|main|17437|springfox.documentation.spring.web.readers.operation.CachingOperationNameGenerator|40|Generating unique operation named: batchRemoveUsingPATCH_1
2022/11/11-15:56:01|INFO|main|17438|springfox.documentation.spring.web.readers.operation.CachingOperationNameGenerator|40|Generating unique operation named: batchRemoveUsingDELETE_1
2022/11/11-15:56:01|INFO|main|17439|springfox.documentation.spring.web.readers.operation.CachingOperationNameGenerator|40|Generating unique operation named: batchRemoveUsingOPTIONS_1
2022/11/11-15:56:01|INFO|main|17440|springfox.documentation.spring.web.readers.operation.CachingOperationNameGenerator|40|Generating unique operation named: batchRemoveUsingTRACE_1
2022/11/11-15:56:01|INFO|main|17440|springfox.documentation.spring.web.readers.operation.CachingOperationNameGenerator|40|Generating unique operation named: infoUsingGET_4
2022/11/11-15:56:01|INFO|main|17441|springfox.documentation.spring.web.readers.operation.CachingOperationNameGenerator|40|Generating unique operation named: infoUsingHEAD_1
2022/11/11-15:56:01|INFO|main|17441|springfox.documentation.spring.web.readers.operation.CachingOperationNameGenerator|40|Generating unique operation named: infoUsingPOST_1
2022/11/11-15:56:01|INFO|main|17442|springfox.documentation.spring.web.readers.operation.CachingOperationNameGenerator|40|Generating unique operation named: infoUsingPUT_1
2022/11/11-15:56:01|INFO|main|17443|springfox.documentation.spring.web.readers.operation.CachingOperationNameGenerator|40|Generating unique operation named: infoUsingPATCH_1
2022/11/11-15:56:01|INFO|main|17443|springfox.documentation.spring.web.readers.operation.CachingOperationNameGenerator|40|Generating unique operation named: infoUsingDELETE_1
2022/11/11-15:56:01|INFO|main|17444|springfox.documentation.spring.web.readers.operation.CachingOperationNameGenerator|40|Generating unique operation named: infoUsingOPTIONS_1
2022/11/11-15:56:01|INFO|main|17444|springfox.documentation.spring.web.readers.operation.CachingOperationNameGenerator|40|Generating unique operation named: infoUsingTRACE_1
2022/11/11-15:56:01|INFO|main|17446|springfox.documentation.spring.web.readers.operation.CachingOperationNameGenerator|40|Generating unique operation named: listUsingGET_2
2022/11/11-15:56:01|INFO|main|17447|springfox.documentation.spring.web.readers.operation.CachingOperationNameGenerator|40|Generating unique operation named: listUsingHEAD_1
2022/11/11-15:56:01|INFO|main|17447|springfox.documentation.spring.web.readers.operation.CachingOperationNameGenerator|40|Generating unique operation named: listUsingPOST_18
2022/11/11-15:56:01|INFO|main|17447|springfox.documentation.spring.web.readers.operation.CachingOperationNameGenerator|40|Generating unique operation named: listUsingPUT_1
2022/11/11-15:56:01|INFO|main|17448|springfox.documentation.spring.web.readers.operation.CachingOperationNameGenerator|40|Generating unique operation named: listUsingPATCH_1
2022/11/11-15:56:01|INFO|main|17448|springfox.documentation.spring.web.readers.operation.CachingOperationNameGenerator|40|Generating unique operation named: listUsingDELETE_1
2022/11/11-15:56:01|INFO|main|17448|springfox.documentation.spring.web.readers.operation.CachingOperationNameGenerator|40|Generating unique operation named: listUsingOPTIONS_1
2022/11/11-15:56:01|INFO|main|17449|springfox.documentation.spring.web.readers.operation.CachingOperationNameGenerator|40|Generating unique operation named: listUsingTRACE_1
2022/11/11-15:56:01|INFO|main|17451|springfox.documentation.spring.web.readers.operation.CachingOperationNameGenerator|40|Generating unique operation named: saveUsingGET_5
2022/11/11-15:56:01|INFO|main|17451|springfox.documentation.spring.web.readers.operation.CachingOperationNameGenerator|40|Generating unique operation named: saveUsingHEAD_1
2022/11/11-15:56:01|INFO|main|17452|springfox.documentation.spring.web.readers.operation.CachingOperationNameGenerator|40|Generating unique operation named: saveUsingPOST_15
2022/11/11-15:56:01|INFO|main|17452|springfox.documentation.spring.web.readers.operation.CachingOperationNameGenerator|40|Generating unique operation named: saveUsingPUT_1
2022/11/11-15:56:01|INFO|main|17452|springfox.documentation.spring.web.readers.operation.CachingOperationNameGenerator|40|Generating unique operation named: saveUsingPATCH_1
2022/11/11-15:56:01|INFO|main|17453|springfox.documentation.spring.web.readers.operation.CachingOperationNameGenerator|40|Generating unique operation named: saveUsingDELETE_1
2022/11/11-15:56:01|INFO|main|17453|springfox.documentation.spring.web.readers.operation.CachingOperationNameGenerator|40|Generating unique operation named: saveUsingOPTIONS_1
2022/11/11-15:56:01|INFO|main|17454|springfox.documentation.spring.web.readers.operation.CachingOperationNameGenerator|40|Generating unique operation named: saveUsingTRACE_1
2022/11/11-15:56:01|INFO|main|17454|springfox.documentation.spring.web.readers.operation.CachingOperationNameGenerator|40|Generating unique operation named: selectUsingGET_3
2022/11/11-15:56:01|INFO|main|17455|springfox.documentation.spring.web.readers.operation.CachingOperationNameGenerator|40|Generating unique operation named: selectUsingHEAD_1
2022/11/11-15:56:01|INFO|main|17455|springfox.documentation.spring.web.readers.operation.CachingOperationNameGenerator|40|Generating unique operation named: selectUsingPOST_1
2022/11/11-15:56:01|INFO|main|17455|springfox.documentation.spring.web.readers.operation.CachingOperationNameGenerator|40|Generating unique operation named: selectUsingPUT_1
2022/11/11-15:56:01|INFO|main|17456|springfox.documentation.spring.web.readers.operation.CachingOperationNameGenerator|40|Generating unique operation named: selectUsingPATCH_1
2022/11/11-15:56:01|INFO|main|17456|springfox.documentation.spring.web.readers.operation.CachingOperationNameGenerator|40|Generating unique operation named: selectUsingDELETE_1
2022/11/11-15:56:01|INFO|main|17456|springfox.documentation.spring.web.readers.operation.CachingOperationNameGenerator|40|Generating unique operation named: selectUsingOPTIONS_1
2022/11/11-15:56:01|INFO|main|17457|springfox.documentation.spring.web.readers.operation.CachingOperationNameGenerator|40|Generating unique operation named: selectUsingTRACE_1
2022/11/11-15:56:01|INFO|main|17457|springfox.documentation.spring.web.readers.operation.CachingOperationNameGenerator|40|Generating unique operation named: updateUsingGET_1
2022/11/11-15:56:01|INFO|main|17458|springfox.documentation.spring.web.readers.operation.CachingOperationNameGenerator|40|Generating unique operation named: updateUsingHEAD_1
2022/11/11-15:56:01|INFO|main|17458|springfox.documentation.spring.web.readers.operation.CachingOperationNameGenerator|40|Generating unique operation named: updateUsingPOST_18
2022/11/11-15:56:01|INFO|main|17459|springfox.documentation.spring.web.readers.operation.CachingOperationNameGenerator|40|Generating unique operation named: updateUsingPUT_1
2022/11/11-15:56:01|INFO|main|17460|springfox.documentation.spring.web.readers.operation.CachingOperationNameGenerator|40|Generating unique operation named: updateUsingPATCH_1
2022/11/11-15:56:01|INFO|main|17460|springfox.documentation.spring.web.readers.operation.CachingOperationNameGenerator|40|Generating unique operation named: updateUsingDELETE_1
2022/11/11-15:56:01|INFO|main|17461|springfox.documentation.spring.web.readers.operation.CachingOperationNameGenerator|40|Generating unique operation named: updateUsingOPTIONS_1
2022/11/11-15:56:01|INFO|main|17461|springfox.documentation.spring.web.readers.operation.CachingOperationNameGenerator|40|Generating unique operation named: updateUsingTRACE_1
2022/11/11-15:56:01|INFO|main|17463|springfox.documentation.spring.web.readers.operation.CachingOperationNameGenerator|40|Generating unique operation named: batchRemoveUsingPOST_18
2022/11/11-15:56:01|INFO|main|17467|springfox.documentation.spring.web.readers.operation.CachingOperationNameGenerator|40|Generating unique operation named: listUsingPOST_19
2022/11/11-15:56:01|INFO|main|17476|springfox.documentation.spring.web.readers.operation.CachingOperationNameGenerator|40|Generating unique operation named: batchRemoveUsingPOST_19
2022/11/11-15:56:01|INFO|main|17479|springfox.documentation.spring.web.readers.operation.CachingOperationNameGenerator|40|Generating unique operation named: getByIdUsingGET_10
2022/11/11-15:56:01|INFO|main|17481|springfox.documentation.spring.web.readers.operation.CachingOperationNameGenerator|40|Generating unique operation named: infoUsingGET_5
2022/11/11-15:56:01|INFO|main|17484|springfox.documentation.spring.web.readers.operation.CachingOperationNameGenerator|40|Generating unique operation named: listUsingPOST_20
2022/11/11-15:56:01|INFO|main|17488|springfox.documentation.spring.web.readers.operation.CachingOperationNameGenerator|40|Generating unique operation named: saveUsingPOST_16
2022/11/11-15:56:01|INFO|main|17489|springfox.documentation.spring.web.readers.operation.CachingOperationNameGenerator|40|Generating unique operation named: updateUsingPOST_19
2022/11/11-15:56:01|INFO|main|17495|springfox.documentation.spring.web.readers.operation.CachingOperationNameGenerator|40|Generating unique operation named: batchRemoveUsingPOST_20
2022/11/11-15:56:01|INFO|main|17497|springfox.documentation.spring.web.readers.operation.CachingOperationNameGenerator|40|Generating unique operation named: getByIdUsingGET_11
2022/11/11-15:56:01|INFO|main|17499|springfox.documentation.spring.web.readers.operation.CachingOperationNameGenerator|40|Generating unique operation named: listUsingPOST_21
2022/11/11-15:56:01|INFO|main|17501|springfox.documentation.spring.web.readers.operation.CachingOperationNameGenerator|40|Generating unique operation named: saveUsingPOST_17
2022/11/11-15:56:01|INFO|main|17502|springfox.documentation.spring.web.readers.operation.CachingOperationNameGenerator|40|Generating unique operation named: updateUsingPOST_20
2022/11/11-15:56:01|INFO|main|17503|springfox.documentation.spring.web.readers.operation.CachingOperationNameGenerator|40|Generating unique operation named: batchRemoveUsingPOST_21
2022/11/11-15:56:01|INFO|main|17506|springfox.documentation.spring.web.readers.operation.CachingOperationNameGenerator|40|Generating unique operation named: getByIdUsingGET_12
2022/11/11-15:56:01|INFO|main|17508|springfox.documentation.spring.web.readers.operation.CachingOperationNameGenerator|40|Generating unique operation named: listUsingPOST_22
2022/11/11-15:56:01|INFO|main|17510|springfox.documentation.spring.web.readers.operation.CachingOperationNameGenerator|40|Generating unique operation named: saveUsingPOST_18
2022/11/11-15:56:01|INFO|main|17511|springfox.documentation.spring.web.readers.operation.CachingOperationNameGenerator|40|Generating unique operation named: updateUsingPOST_21
2022/11/11-15:56:01|INFO|main|17513|springfox.documentation.spring.web.readers.operation.CachingOperationNameGenerator|40|Generating unique operation named: batchRemoveUsingPOST_22
2022/11/11-15:56:01|INFO|main|17515|springfox.documentation.spring.web.readers.operation.CachingOperationNameGenerator|40|Generating unique operation named: getByIdUsingGET_13
2022/11/11-15:56:01|INFO|main|17517|springfox.documentation.spring.web.readers.operation.CachingOperationNameGenerator|40|Generating unique operation named: listUsingPOST_23
2022/11/11-15:56:01|INFO|main|17519|springfox.documentation.spring.web.readers.operation.CachingOperationNameGenerator|40|Generating unique operation named: saveUsingPOST_19
2022/11/11-15:56:01|INFO|main|17520|springfox.documentation.spring.web.readers.operation.CachingOperationNameGenerator|40|Generating unique operation named: updateUsingPOST_22
2022/11/11-15:56:01|INFO|main|17522|springfox.documentation.spring.web.readers.operation.CachingOperationNameGenerator|40|Generating unique operation named: batchRemoveUsingPOST_23
2022/11/11-15:56:01|INFO|main|17524|springfox.documentation.spring.web.readers.operation.CachingOperationNameGenerator|40|Generating unique operation named: getByIdUsingGET_14
2022/11/11-15:56:01|INFO|main|17527|springfox.documentation.spring.web.readers.operation.CachingOperationNameGenerator|40|Generating unique operation named: listUsingPOST_24
2022/11/11-15:56:01|INFO|main|17528|springfox.documentation.spring.web.readers.operation.CachingOperationNameGenerator|40|Generating unique operation named: saveUsingPOST_20
2022/11/11-15:56:01|INFO|main|17529|springfox.documentation.spring.web.readers.operation.CachingOperationNameGenerator|40|Generating unique operation named: updateUsingPOST_23
2022/11/11-15:56:01|INFO|main|17531|springfox.documentation.spring.web.readers.operation.CachingOperationNameGenerator|40|Generating unique operation named: batchRemoveUsingPOST_24
2022/11/11-15:56:01|INFO|main|17533|springfox.documentation.spring.web.readers.operation.CachingOperationNameGenerator|40|Generating unique operation named: getByIdUsingGET_15
2022/11/11-15:56:01|INFO|main|17537|springfox.documentation.spring.web.readers.operation.CachingOperationNameGenerator|40|Generating unique operation named: saveUsingPOST_21
2022/11/11-15:56:01|INFO|main|17538|springfox.documentation.spring.web.readers.operation.CachingOperationNameGenerator|40|Generating unique operation named: updateUsingPOST_24
2022/11/11-15:56:01|INFO|main|17549|springfox.documentation.spring.web.readers.operation.CachingOperationNameGenerator|40|Generating unique operation named: batchRemoveUsingPOST_25
2022/11/11-15:56:01|INFO|main|17552|springfox.documentation.spring.web.readers.operation.CachingOperationNameGenerator|40|Generating unique operation named: getByIdUsingGET_16
2022/11/11-15:56:01|INFO|main|17554|springfox.documentation.spring.web.readers.operation.CachingOperationNameGenerator|40|Generating unique operation named: listUsingPOST_25
2022/11/11-15:56:01|INFO|main|17556|springfox.documentation.spring.web.readers.operation.CachingOperationNameGenerator|40|Generating unique operation named: saveUsingPOST_22
2022/11/11-15:56:01|INFO|main|17557|springfox.documentation.spring.web.readers.operation.CachingOperationNameGenerator|40|Generating unique operation named: updateUsingPOST_25
2022/11/11-15:56:01|INFO|main|17603|org.springframework.boot.web.embedded.tomcat.TomcatWebServer|203|Tomcat started on port(s): 9001 (http) with context path '/admin'
2022/11/11-15:56:01|INFO|main|17606|com.alibaba.nacos.client.naming|81|[BEAT] adding beat: BeatInfo{port=9001, ip='192.168.201.93', weight=1.0, serviceName='DEFAULT_GROUP@@im-service-biz', cluster='DEFAULT', metadata={preserved.register.source=SPRING_CLOUD}, scheduled=false, period=5000, stopped=false} to beat map.
2022/11/11-15:56:01|INFO|main|17607|com.alibaba.nacos.client.naming|230|[REGISTER-SERVICE] 0b0b1900-e2da-4351-942c-d93bfb68488b registering service DEFAULT_GROUP@@im-service-biz with instance: Instance{instanceId='null', ip='192.168.201.93', port=9001, weight=1.0, healthy=true, enabled=true, ephemeral=true, clusterName='DEFAULT', serviceName='null', metadata={preserved.register.source=SPRING_CLOUD}}
2022/11/11-15:56:01|INFO|main|17689|com.alibaba.cloud.nacos.registry.NacosServiceRegistry|75|nacos registry, DEFAULT_GROUP im-service-biz 192.168.201.93:9001 register finished
2022/11/11-15:56:01|INFO|com.alibaba.nacos.client.naming.updater|18043|com.alibaba.nacos.client.naming|228|new ips(1) service: DEFAULT_GROUP@@im-service-biz@@DEFAULT -> [{"instanceId":"192.168.201.93#9001#DEFAULT#DEFAULT_GROUP@@im-service-biz","ip":"192.168.201.93","port":9001,"weight":1.0,"healthy":true,"enabled":true,"ephemeral":true,"clusterName":"DEFAULT","serviceName":"DEFAULT_GROUP@@im-service-biz","metadata":{"preserved.register.source":"SPRING_CLOUD"},"ipDeleteTimeout":30000,"instanceHeartBeatTimeOut":15000,"instanceHeartBeatInterval":5000}]
2022/11/11-15:56:01|INFO|com.alibaba.nacos.client.naming.updater|18050|com.alibaba.nacos.client.naming|267|current ips:(1) service: DEFAULT_GROUP@@im-service-biz@@DEFAULT -> [{"instanceId":"192.168.201.93#9001#DEFAULT#DEFAULT_GROUP@@im-service-biz","ip":"192.168.201.93","port":9001,"weight":1.0,"healthy":true,"enabled":true,"ephemeral":true,"clusterName":"DEFAULT","serviceName":"DEFAULT_GROUP@@im-service-biz","metadata":{"preserved.register.source":"SPRING_CLOUD"},"ipDeleteTimeout":30000,"instanceHeartBeatTimeOut":15000,"instanceHeartBeatInterval":5000}]
2022/11/11-15:56:01|INFO|main|18201|net.chenlin.dp.ImBizApplication|61|Started ImBizApplication in 18.038 seconds (JVM running for 30.95)
2022/11/11-15:56:01|INFO|main|18204|com.alibaba.nacos.client.config.impl.ClientWorker|239|[fixed-nacos.t6prn1.xyz_8848-0b0b1900-e2da-4351-942c-d93bfb68488b] [subscribe] im-service-biz+DEFAULT_GROUP+0b0b1900-e2da-4351-942c-d93bfb68488b
2022/11/11-15:56:01|INFO|main|18205|com.alibaba.nacos.client.config.impl.CacheData|93|[fixed-nacos.t6prn1.xyz_8848-0b0b1900-e2da-4351-942c-d93bfb68488b] [add-listener] ok, tenant=0b0b1900-e2da-4351-942c-d93bfb68488b, dataId=im-service-biz, group=DEFAULT_GROUP, cnt=1
2022/11/11-15:56:01|INFO|main|18206|net.chenlin.dp.ImBizApplication|24|The fang-yuan application has been started successfully!
2022/11/11-15:58:26|WARN|Thread-12|162340|com.alibaba.nacos.common.notify.NotifyCenter|145|[NotifyCenter] Start destroying Publisher
2022/11/11-15:58:26|WARN|Thread-1|162340|com.alibaba.nacos.common.http.HttpClientBeanHolder|108|[HttpClientBeanHolder] Start destroying common HttpClient
2022/11/11-15:58:26|WARN|Thread-12|162340|com.alibaba.nacos.common.notify.NotifyCenter|162|[NotifyCenter] Destruction of the end
2022/11/11-15:58:26|WARN|Thread-1|162341|com.alibaba.nacos.common.http.HttpClientBeanHolder|114|[HttpClientBeanHolder] Destruction of the end
2022/11/11-15:58:26|INFO|SpringContextShutdownHook|162342|org.springframework.scheduling.concurrent.ThreadPoolTaskScheduler|218|Shutting down ExecutorService 'Nacos-Watch-Task-Scheduler'
2022/11/11-15:58:26|INFO|SpringContextShutdownHook|162346|com.alibaba.cloud.nacos.registry.NacosServiceRegistry|90|De-registering from Nacos Server now...
2022/11/11-15:58:26|INFO|SpringContextShutdownHook|162347|com.alibaba.nacos.client.naming|101|[BEAT] removing beat: DEFAULT_GROUP@@im-service-biz:192.168.201.93:9001 from beat map.
2022/11/11-15:58:26|INFO|SpringContextShutdownHook|162347|com.alibaba.nacos.client.naming|260|[DEREGISTER-SERVICE] 0b0b1900-e2da-4351-942c-d93bfb68488b deregistering service DEFAULT_GROUP@@im-service-biz with instance: Instance{instanceId='null', ip='192.168.201.93', port=9001, weight=1.0, healthy=true, enabled=true, ephemeral=true, clusterName='DEFAULT', serviceName='null', metadata={}}
2022/11/11-15:58:26|INFO|SpringContextShutdownHook|162431|com.alibaba.cloud.nacos.registry.NacosServiceRegistry|110|De-registration finished.
2022/11/11-15:58:26|INFO|SpringContextShutdownHook|162431|com.alibaba.nacos.client.naming|147|com.alibaba.nacos.client.naming.beat.BeatReactor do shutdown begin
2022/11/11-16:58:35|INFO|main|3472|com.alibaba.nacos.client.config.impl.LocalConfigInfoProcessor|212|LOCAL_SNAPSHOT_PATH:C:\Users\kevin.lee\nacos\config
2022/11/11-16:58:35|INFO|main|3502|com.alibaba.nacos.client.config.impl.Limiter|54|limitTime:5.0
2022/11/11-16:58:36|WARN|main|3818|com.alibaba.cloud.nacos.client.NacosPropertySourceBuilder|87|Ignore the empty nacos configuration and get it based on dataId[im-service-biz.yaml] & group[DEFAULT_GROUP]
2022/11/11-16:58:36|INFO|main|3902|com.alibaba.nacos.client.config.utils.JvmUtil|49|isMultiInstance:false
2022/11/11-16:58:36|WARN|main|3987|com.alibaba.cloud.nacos.client.NacosPropertySourceBuilder|87|Ignore the empty nacos configuration and get it based on dataId[im-service-biz] & group[DEFAULT_GROUP]
2022/11/11-16:58:36|WARN|main|4067|com.alibaba.cloud.nacos.client.NacosPropertySourceBuilder|87|Ignore the empty nacos configuration and get it based on dataId[im-service-biz.yaml] & group[DEFAULT_GROUP]
2022/11/11-16:58:36|INFO|main|4151|org.springframework.cloud.bootstrap.config.PropertySourceBootstrapConfiguration|112|Located property source: [BootstrapPropertySource {name='bootstrapProperties-im-service-biz-local.yaml,DEFAULT_GROUP'}, BootstrapPropertySource {name='bootstrapProperties-im-service-biz.yaml,DEFAULT_GROUP'}, BootstrapPropertySource {name='bootstrapProperties-im-service-biz,DEFAULT_GROUP'}]
2022/11/11-16:58:36|INFO|main|4156|net.chenlin.dp.ImBizApplication|655|The following profiles are active: local
2022/11/11-16:58:37|INFO|main|5175|org.springframework.data.repository.config.RepositoryConfigurationDelegate|249|Multiple Spring Data modules found, entering strict repository configuration mode!
2022/11/11-16:58:37|INFO|main|5177|org.springframework.data.repository.config.RepositoryConfigurationDelegate|127|Bootstrapping Spring Data Redis repositories in DEFAULT mode.
2022/11/11-16:58:37|INFO|main|5245|org.springframework.data.repository.config.RepositoryConfigurationDelegate|187|Finished Spring Data repository scanning in 54ms. Found 0 Redis repository interfaces.
2022/11/11-16:58:37|INFO|main|5476|org.springframework.cloud.context.scope.GenericScope|295|BeanFactory id=dfa77fdf-26ff-3935-9ed3-d3e03691ff3c
2022/11/11-16:58:38|INFO|main|6187|org.springframework.boot.web.embedded.tomcat.TomcatWebServer|91|Tomcat initialized with port(s): 9001 (http)
2022/11/11-16:58:38|INFO|main|6197|org.apache.catalina.core.StandardService|173|Starting service [Tomcat]
2022/11/11-16:58:38|INFO|main|6198|org.apache.catalina.core.StandardEngine|173|Starting Servlet engine: [Apache Tomcat/9.0.37]
2022/11/11-16:58:39|INFO|main|6676|org.apache.catalina.core.ContainerBase.[Tomcat].[localhost].[/admin]|173|Initializing Spring embedded WebApplicationContext
2022/11/11-16:58:39|INFO|main|6677|org.springframework.boot.web.servlet.context.ServletWebServerApplicationContext|283|Root WebApplicationContext: initialization completed in 2509 ms
2022/11/11-16:58:45|INFO|main|12889|springfox.documentation.spring.web.PropertySourcedRequestMappingHandlerMapping|69|Mapped URL path [/v2/api-docs] onto method [springfox.documentation.swagger2.web.Swagger2Controller#getDocumentation(String, HttpServletRequest)]
2022/11/11-16:58:45|WARN|main|12936|com.netflix.config.sources.URLConfigurationSource|121|No URLs will be polled as dynamic configuration sources.
2022/11/11-16:58:45|INFO|main|12937|com.netflix.config.sources.URLConfigurationSource|122|To enable URLs as dynamic configuration sources, define System property archaius.configurationSource.additionalUrls or make config.properties available on classpath.
2022/11/11-16:58:45|WARN|main|12941|com.netflix.config.sources.URLConfigurationSource|121|No URLs will be polled as dynamic configuration sources.
2022/11/11-16:58:45|INFO|main|12942|com.netflix.config.sources.URLConfigurationSource|122|To enable URLs as dynamic configuration sources, define System property archaius.configurationSource.additionalUrls or make config.properties available on classpath.
2022/11/11-16:58:46|INFO|main|13696|org.springframework.scheduling.concurrent.ThreadPoolTaskExecutor|181|Initializing ExecutorService 'applicationTaskExecutor'
2022/11/11-16:58:46|WARN|Thread-1|14183|com.alibaba.nacos.common.http.HttpClientBeanHolder|108|[HttpClientBeanHolder] Start destroying common HttpClient
2022/11/11-16:58:46|WARN|Thread-1|14186|com.alibaba.nacos.common.http.HttpClientBeanHolder|114|[HttpClientBeanHolder] Destruction of the end
